<?xml version="1.0" encoding="UTF-8"?>
<!-- Generated by org.testng.reporters.JUnitReportReporter -->
<testsuite hostname="DESKTOP-54M8AA4" failures="0" tests="1" name="com.pb.rest.presentation.TestCases" time="3.589" errors="0" timestamp="2021-01-11T01:39:59 EET" skipped="0">
  <testcase classname="com.pb.rest.presentation.TestCases" name="shouldSearchHarryPotterAndGetImdbIDWhenHarryPotterIsExist" time="3.589"/>
  <system-out/>
</testsuite> <!-- com.pb.rest.presentation.TestCases -->
