<?xml version="1.0" encoding="UTF-8"?>
<!-- Generated by org.testng.reporters.JUnitReportReporter -->
<testsuite hostname="DESKTOP-54M8AA4" failures="0" tests="1" name="omdbApiTest.MovieTest" time="3.457" errors="0" timestamp="2021-01-11T02:09:48 EET" skipped="0">
  <testcase classname="omdbApiTest.MovieTest" name="shouldSearchHarryPotterAndGetImdbIDWhenHarryPotterIsExist" time="3.457"/>
  <system-out/>
</testsuite> <!-- omdbApiTest.MovieTest -->
