<?xml version="1.0" encoding="UTF-8"?>
<!-- Generated by org.testng.reporters.JUnitReportReporter -->
<testsuite hostname="DESKTOP-54M8AA4" failures="0" tests="1" name="com.pb.rest.presentation.testt" time="2.731" errors="0" timestamp="2021-01-10T19:15:51 EET" skipped="0">
  <testcase classname="com.pb.rest.presentation.testt" name="test" time="2.731"/>
  <system-out/>
</testsuite> <!-- com.pb.rest.presentation.testt -->
