<?xml version="1.0" encoding="UTF-8"?>
<!-- Generated by org.testng.reporters.JUnitReportReporter -->
<testsuite hostname="DESKTOP-54M8AA4" failures="0" tests="1" name="com.pb.rest.presentation.Movie" time="1.634" errors="0" timestamp="2021-01-09T19:29:36 EET" skipped="0">
  <testcase classname="com.pb.rest.presentation.Movie" name="testDoRequestForStatusCode" time="1.634"/>
  <system-out/>
</testsuite> <!-- com.pb.rest.presentation.Movie -->
