<?xml version="1.0" encoding="UTF-8"?>
<!-- Generated by org.testng.reporters.JUnitReportReporter -->
<testsuite hostname="DESKTOP-54M8AA4" failures="0" tests="2" name="com.pb.rest.presentation.Temp" time="6.668" errors="0" timestamp="2021-01-10T19:29:29 EET" skipped="0">
  <testcase classname="com.pb.rest.presentation.Temp" name="movieSearchList" time="5.639"/>
  <system-out/>
  <testcase classname="com.pb.rest.presentation.Temp" name="movieDetail" time="1.029"/>
  <system-out/>
</testsuite> <!-- com.pb.rest.presentation.Temp -->
