<?xml version="1.0" encoding="UTF-8"?>
<!-- Generated by org.testng.reporters.JUnitReportReporter -->
<testsuite hostname="DESKTOP-54M8AA4" failures="0" tests="11" name="com.pb.rest.presentation.ReqRes" time="2.735" errors="0" timestamp="2021-01-09T02:34:19 EET" skipped="10">
  <testcase classname="com.pb.rest.presentation.ReqRes" name="deneme" time="2.735"/>
  <system-out/>
  <testcase classname="com.pb.rest.presentation.ReqRes" name="patchRequest">
    <skipped/>
  </testcase> <!-- patchRequest -->
  <system-out/>
  <testcase classname="com.pb.rest.presentation.ReqRes" name="deleteRequest">
    <skipped/>
  </testcase> <!-- deleteRequest -->
  <system-out/>
  <testcase classname="com.pb.rest.presentation.ReqRes" name="statusCodeVerification">
    <skipped/>
  </testcase> <!-- statusCodeVerification -->
  <system-out/>
  <testcase classname="com.pb.rest.presentation.ReqRes" name="postExample">
    <skipped/>
  </testcase> <!-- postExample -->
  <system-out/>
  <testcase classname="com.pb.rest.presentation.ReqRes" name="postRequest">
    <skipped/>
  </testcase> <!-- postRequest -->
  <system-out/>
  <testcase classname="com.pb.rest.presentation.ReqRes" name="pathParametersExample">
    <skipped/>
  </testcase> <!-- pathParametersExample -->
  <system-out/>
  <testcase classname="com.pb.rest.presentation.ReqRes" name="pageControl">
    <skipped/>
  </testcase> <!-- pageControl -->
  <system-out/>
  <testcase classname="com.pb.rest.presentation.ReqRes" name="putRequest">
    <skipped/>
  </testcase> <!-- putRequest -->
  <system-out/>
  <testcase classname="com.pb.rest.presentation.ReqRes" name="arraySize">
    <skipped/>
  </testcase> <!-- arraySize -->
  <system-out/>
  <testcase classname="com.pb.rest.presentation.ReqRes" name="assertGetexample">
    <skipped/>
  </testcase> <!-- assertGetexample -->
  <system-out/>
</testsuite> <!-- com.pb.rest.presentation.ReqRes -->
